<?xml version="1.0" encoding="UTF-8"?>
<testsuite xmlns:xsi="http://www.w3.org/2001/XMLSchema-instance" xsi:noNamespaceSchemaLocation="https://maven.apache.org/surefire/maven-surefire-plugin/xsd/surefire-test-report-3.0.xsd" version="3.0" name="Cucumber Data Tables implementation practices" time="37.276" tests="4" errors="0" skipped="0" failures="0">
  <properties>
    <property name="java.specification.version" value="18"/>
    <property name="sun.jnu.encoding" value="UTF-8"/>
    <property name="java.class.path" value="/Users/jawidkarimi/IdeaProjects/cucumber-junit-project-practice/target/test-classes:/Users/jawidkarimi/IdeaProjects/cucumber-junit-project-practice/target/classes:/Users/jawidkarimi/.m2/repository/org/seleniumhq/selenium/selenium-java/4.9.1/selenium-java-4.9.1.jar:/Users/jawidkarimi/.m2/repository/org/seleniumhq/selenium/selenium-api/4.9.1/selenium-api-4.9.1.jar:/Users/jawidkarimi/.m2/repository/org/seleniumhq/selenium/selenium-chrome-driver/4.9.1/selenium-chrome-driver-4.9.1.jar:/Users/jawidkarimi/.m2/repository/com/google/auto/service/auto-service-annotations/1.0.1/auto-service-annotations-1.0.1.jar:/Users/jawidkarimi/.m2/repository/com/google/auto/service/auto-service/1.0.1/auto-service-1.0.1.jar:/Users/jawidkarimi/.m2/repository/com/google/auto/auto-common/1.2/auto-common-1.2.jar:/Users/jawidkarimi/.m2/repository/com/google/guava/guava/31.1-jre/guava-31.1-jre.jar:/Users/jawidkarimi/.m2/repository/com/google/guava/failureaccess/1.0.1/failureaccess-1.0.1.jar:/Users/jawidkarimi/.m2/repository/com/google/guava/listenablefuture/9999.0-empty-to-avoid-conflict-with-guava/listenablefuture-9999.0-empty-to-avoid-conflict-with-guava.jar:/Users/jawidkarimi/.m2/repository/com/google/code/findbugs/jsr305/3.0.2/jsr305-3.0.2.jar:/Users/jawidkarimi/.m2/repository/org/checkerframework/checker-qual/3.12.0/checker-qual-3.12.0.jar:/Users/jawidkarimi/.m2/repository/com/google/errorprone/error_prone_annotations/2.11.0/error_prone_annotations-2.11.0.jar:/Users/jawidkarimi/.m2/repository/com/google/j2objc/j2objc-annotations/1.3/j2objc-annotations-1.3.jar:/Users/jawidkarimi/.m2/repository/org/seleniumhq/selenium/selenium-chromium-driver/4.9.1/selenium-chromium-driver-4.9.1.jar:/Users/jawidkarimi/.m2/repository/org/seleniumhq/selenium/selenium-json/4.9.1/selenium-json-4.9.1.jar:/Users/jawidkarimi/.m2/repository/org/seleniumhq/selenium/selenium-manager/4.9.1/selenium-manager-4.9.1.jar:/Users/jawidkarimi/.m2/repository/org/seleniumhq/selenium/selenium-devtools-v111/4.9.1/selenium-devtools-v111-4.9.1.jar:/Users/jawidkarimi/.m2/repository/org/seleniumhq/selenium/selenium-devtools-v112/4.9.1/selenium-devtools-v112-4.9.1.jar:/Users/jawidkarimi/.m2/repository/org/seleniumhq/selenium/selenium-devtools-v113/4.9.1/selenium-devtools-v113-4.9.1.jar:/Users/jawidkarimi/.m2/repository/org/seleniumhq/selenium/selenium-devtools-v85/4.9.1/selenium-devtools-v85-4.9.1.jar:/Users/jawidkarimi/.m2/repository/org/seleniumhq/selenium/selenium-edge-driver/4.9.1/selenium-edge-driver-4.9.1.jar:/Users/jawidkarimi/.m2/repository/org/seleniumhq/selenium/selenium-firefox-driver/4.9.1/selenium-firefox-driver-4.9.1.jar:/Users/jawidkarimi/.m2/repository/org/seleniumhq/selenium/selenium-http/4.9.1/selenium-http-4.9.1.jar:/Users/jawidkarimi/.m2/repository/dev/failsafe/failsafe/3.3.1/failsafe-3.3.1.jar:/Users/jawidkarimi/.m2/repository/org/seleniumhq/selenium/selenium-ie-driver/4.9.1/selenium-ie-driver-4.9.1.jar:/Users/jawidkarimi/.m2/repository/org/seleniumhq/selenium/selenium-remote-driver/4.9.1/selenium-remote-driver-4.9.1.jar:/Users/jawidkarimi/.m2/repository/com/beust/jcommander/1.82/jcommander-1.82.jar:/Users/jawidkarimi/.m2/repository/io/netty/netty-buffer/4.1.91.Final/netty-buffer-4.1.91.Final.jar:/Users/jawidkarimi/.m2/repository/io/netty/netty-codec-http/4.1.91.Final/netty-codec-http-4.1.91.Final.jar:/Users/jawidkarimi/.m2/repository/io/netty/netty-codec/4.1.91.Final/netty-codec-4.1.91.Final.jar:/Users/jawidkarimi/.m2/repository/io/netty/netty-handler/4.1.91.Final/netty-handler-4.1.91.Final.jar:/Users/jawidkarimi/.m2/repository/io/netty/netty-common/4.1.91.Final/netty-common-4.1.91.Final.jar:/Users/jawidkarimi/.m2/repository/io/netty/netty-transport-classes-epoll/4.1.91.Final/netty-transport-classes-epoll-4.1.91.Final.jar:/Users/jawidkarimi/.m2/repository/io/netty/netty-transport-classes-kqueue/4.1.91.Final/netty-transport-classes-kqueue-4.1.91.Final.jar:/Users/jawidkarimi/.m2/repository/io/netty/netty-transport-native-epoll/4.1.91.Final/netty-transport-native-epoll-4.1.91.Final.jar:/Users/jawidkarimi/.m2/repository/io/netty/netty-transport-native-kqueue/4.1.91.Final/netty-transport-native-kqueue-4.1.91.Final.jar:/Users/jawidkarimi/.m2/repository/io/netty/netty-transport-native-unix-common/4.1.91.Final/netty-transport-native-unix-common-4.1.91.Final.jar:/Users/jawidkarimi/.m2/repository/io/netty/netty-transport/4.1.91.Final/netty-transport-4.1.91.Final.jar:/Users/jawidkarimi/.m2/repository/io/netty/netty-resolver/4.1.91.Final/netty-resolver-4.1.91.Final.jar:/Users/jawidkarimi/.m2/repository/io/opentelemetry/opentelemetry-api/1.25.0/opentelemetry-api-1.25.0.jar:/Users/jawidkarimi/.m2/repository/io/opentelemetry/opentelemetry-context/1.25.0/opentelemetry-context-1.25.0.jar:/Users/jawidkarimi/.m2/repository/io/opentelemetry/opentelemetry-exporter-logging/1.25.0/opentelemetry-exporter-logging-1.25.0.jar:/Users/jawidkarimi/.m2/repository/io/opentelemetry/opentelemetry-sdk-metrics/1.25.0/opentelemetry-sdk-metrics-1.25.0.jar:/Users/jawidkarimi/.m2/repository/io/opentelemetry/opentelemetry-sdk-logs/1.25.0-alpha/opentelemetry-sdk-logs-1.25.0-alpha.jar:/Users/jawidkarimi/.m2/repository/io/opentelemetry/opentelemetry-api-logs/1.25.0-alpha/opentelemetry-api-logs-1.25.0-alpha.jar:/Users/jawidkarimi/.m2/repository/io/opentelemetry/opentelemetry-api-events/1.25.0-alpha/opentelemetry-api-events-1.25.0-alpha.jar:/Users/jawidkarimi/.m2/repository/io/opentelemetry/opentelemetry-sdk-common/1.25.0/opentelemetry-sdk-common-1.25.0.jar:/Users/jawidkarimi/.m2/repository/io/opentelemetry/opentelemetry-sdk-extension-autoconfigure-spi/1.25.0/opentelemetry-sdk-extension-autoconfigure-spi-1.25.0.jar:/Users/jawidkarimi/.m2/repository/io/opentelemetry/opentelemetry-sdk-extension-autoconfigure/1.25.0-alpha/opentelemetry-sdk-extension-autoconfigure-1.25.0-alpha.jar:/Users/jawidkarimi/.m2/repository/io/opentelemetry/opentelemetry-sdk-trace/1.25.0/opentelemetry-sdk-trace-1.25.0.jar:/Users/jawidkarimi/.m2/repository/io/opentelemetry/opentelemetry-sdk/1.25.0/opentelemetry-sdk-1.25.0.jar:/Users/jawidkarimi/.m2/repository/io/opentelemetry/opentelemetry-semconv/1.25.0-alpha/opentelemetry-semconv-1.25.0-alpha.jar:/Users/jawidkarimi/.m2/repository/io/ous/jtoml/2.0.0/jtoml-2.0.0.jar:/Users/jawidkarimi/.m2/repository/net/bytebuddy/byte-buddy/1.14.4/byte-buddy-1.14.4.jar:/Users/jawidkarimi/.m2/repository/org/apache/commons/commons-exec/1.3/commons-exec-1.3.jar:/Users/jawidkarimi/.m2/repository/org/asynchttpclient/async-http-client/2.12.3/async-http-client-2.12.3.jar:/Users/jawidkarimi/.m2/repository/org/asynchttpclient/async-http-client-netty-utils/2.12.3/async-http-client-netty-utils-2.12.3.jar:/Users/jawidkarimi/.m2/repository/io/netty/netty-codec-socks/4.1.60.Final/netty-codec-socks-4.1.60.Final.jar:/Users/jawidkarimi/.m2/repository/io/netty/netty-handler-proxy/4.1.60.Final/netty-handler-proxy-4.1.60.Final.jar:/Users/jawidkarimi/.m2/repository/io/netty/netty-transport-native-epoll/4.1.60.Final/netty-transport-native-epoll-4.1.60.Final-linux-x86_64.jar:/Users/jawidkarimi/.m2/repository/io/netty/netty-transport-native-kqueue/4.1.60.Final/netty-transport-native-kqueue-4.1.60.Final-osx-x86_64.jar:/Users/jawidkarimi/.m2/repository/org/reactivestreams/reactive-streams/1.0.3/reactive-streams-1.0.3.jar:/Users/jawidkarimi/.m2/repository/com/typesafe/netty/netty-reactive-streams/2.0.4/netty-reactive-streams-2.0.4.jar:/Users/jawidkarimi/.m2/repository/org/slf4j/slf4j-api/1.7.30/slf4j-api-1.7.30.jar:/Users/jawidkarimi/.m2/repository/com/sun/activation/jakarta.activation/1.2.2/jakarta.activation-1.2.2.jar:/Users/jawidkarimi/.m2/repository/org/seleniumhq/selenium/selenium-safari-driver/4.9.1/selenium-safari-driver-4.9.1.jar:/Users/jawidkarimi/.m2/repository/org/seleniumhq/selenium/selenium-support/4.9.1/selenium-support-4.9.1.jar:/Users/jawidkarimi/.m2/repository/com/github/javafaker/javafaker/1.0.2/javafaker-1.0.2.jar:/Users/jawidkarimi/.m2/repository/org/apache/commons/commons-lang3/3.5/commons-lang3-3.5.jar:/Users/jawidkarimi/.m2/repository/org/yaml/snakeyaml/1.23/snakeyaml-1.23-android.jar:/Users/jawidkarimi/.m2/repository/com/github/mifmif/generex/1.0.2/generex-1.0.2.jar:/Users/jawidkarimi/.m2/repository/dk/brics/automaton/automaton/1.11-8/automaton-1.11-8.jar:/Users/jawidkarimi/.m2/repository/io/cucumber/cucumber-junit/7.3.0/cucumber-junit-7.3.0.jar:/Users/jawidkarimi/.m2/repository/org/apiguardian/apiguardian-api/1.1.2/apiguardian-api-1.1.2.jar:/Users/jawidkarimi/.m2/repository/io/cucumber/cucumber-core/7.3.0/cucumber-core-7.3.0.jar:/Users/jawidkarimi/.m2/repository/io/cucumber/cucumber-gherkin/7.3.0/cucumber-gherkin-7.3.0.jar:/Users/jawidkarimi/.m2/repository/io/cucumber/cucumber-gherkin-messages/7.3.0/cucumber-gherkin-messages-7.3.0.jar:/Users/jawidkarimi/.m2/repository/io/cucumber/messages/18.0.0/messages-18.0.0.jar:/Users/jawidkarimi/.m2/repository/io/cucumber/tag-expressions/4.1.0/tag-expressions-4.1.0.jar:/Users/jawidkarimi/.m2/repository/io/cucumber/cucumber-expressions/15.0.2/cucumber-expressions-15.0.2.jar:/Users/jawidkarimi/.m2/repository/io/cucumber/datatable/7.3.0/datatable-7.3.0.jar:/Users/jawidkarimi/.m2/repository/io/cucumber/cucumber-plugin/7.3.0/cucumber-plugin-7.3.0.jar:/Users/jawidkarimi/.m2/repository/io/cucumber/docstring/7.3.0/docstring-7.3.0.jar:/Users/jawidkarimi/.m2/repository/io/cucumber/html-formatter/19.1.0/html-formatter-19.1.0.jar:/Users/jawidkarimi/.m2/repository/io/cucumber/ci-environment/9.0.4/ci-environment-9.0.4.jar:/Users/jawidkarimi/.m2/repository/junit/junit/4.13.2/junit-4.13.2.jar:/Users/jawidkarimi/.m2/repository/org/hamcrest/hamcrest-core/1.3/hamcrest-core-1.3.jar:/Users/jawidkarimi/.m2/repository/io/cucumber/cucumber-java/7.3.0/cucumber-java-7.3.0.jar:/Users/jawidkarimi/.m2/repository/me/jvt/cucumber/reporting-plugin/7.3.0/reporting-plugin-7.3.0.jar:/Users/jawidkarimi/.m2/repository/io/cucumber/gherkin/23.0.1/gherkin-23.0.1.jar:/Users/jawidkarimi/.m2/repository/net/masterthought/cucumber-reporting/5.7.0/cucumber-reporting-5.7.0.jar:/Users/jawidkarimi/.m2/repository/com/fasterxml/jackson/core/jackson-databind/2.13.0/jackson-databind-2.13.0.jar:/Users/jawidkarimi/.m2/repository/com/fasterxml/jackson/core/jackson-annotations/2.13.0/jackson-annotations-2.13.0.jar:/Users/jawidkarimi/.m2/repository/com/fasterxml/jackson/core/jackson-core/2.13.0/jackson-core-2.13.0.jar:/Users/jawidkarimi/.m2/repository/com/fasterxml/jackson/datatype/jackson-datatype-jsr310/2.13.0/jackson-datatype-jsr310-2.13.0.jar:/Users/jawidkarimi/.m2/repository/org/apache/velocity/velocity-engine-core/2.3/velocity-engine-core-2.3.jar:/Users/jawidkarimi/.m2/repository/commons-collections/commons-collections/3.2.2/commons-collections-3.2.2.jar:/Users/jawidkarimi/.m2/repository/joda-time/joda-time/2.10.10/joda-time-2.10.10.jar:/Users/jawidkarimi/.m2/repository/commons-io/commons-io/2.7/commons-io-2.7.jar:/Users/jawidkarimi/.m2/repository/org/codehaus/plexus/plexus-utils/3.3.0/plexus-utils-3.3.0.jar:/Users/jawidkarimi/.m2/repository/org/jsoup/jsoup/1.14.2/jsoup-1.14.2.jar:/Users/jawidkarimi/.m2/repository/com/googlecode/owasp-java-html-sanitizer/owasp-java-html-sanitizer/20211018.2/owasp-java-html-sanitizer-20211018.2.jar:/Users/jawidkarimi/.m2/repository/commons-configuration/commons-configuration/1.10/commons-configuration-1.10.jar:/Users/jawidkarimi/.m2/repository/commons-lang/commons-lang/2.6/commons-lang-2.6.jar:/Users/jawidkarimi/.m2/repository/commons-logging/commons-logging/1.1.1/commons-logging-1.1.1.jar:"/>
    <property name="java.vm.vendor" value="Oracle Corporation"/>
    <property name="sun.arch.data.model" value="64"/>
    <property name="java.vendor.url" value="https://java.oracle.com/"/>
    <property name="user.timezone" value="America/Los_Angeles"/>
    <property name="os.name" value="Mac OS X"/>
    <property name="java.vm.specification.version" value="18"/>
    <property name="sun.java.launcher" value="SUN_STANDARD"/>
    <property name="user.country" value="US"/>
    <property name="sun.boot.library.path" value="/Users/jawidkarimi/Library/Java/JavaVirtualMachines/openjdk-18.0.2.1/Contents/Home/lib"/>
    <property name="sun.java.command" value="/Users/jawidkarimi/IdeaProjects/cucumber-junit-project-practice/target/surefire/surefirebooter13865638299283086209.jar /Users/jawidkarimi/IdeaProjects/cucumber-junit-project-practice/target/surefire 2023-07-09T02-06-58_920-jvmRun1 surefire12686119634748443144tmp surefire_018009943464071508982tmp"/>
    <property name="http.nonProxyHosts" value="local|*.local|169.254/16|*.169.254/16"/>
    <property name="jdk.debug" value="release"/>
    <property name="surefire.test.class.path" value="/Users/jawidkarimi/IdeaProjects/cucumber-junit-project-practice/target/test-classes:/Users/jawidkarimi/IdeaProjects/cucumber-junit-project-practice/target/classes:/Users/jawidkarimi/.m2/repository/org/seleniumhq/selenium/selenium-java/4.9.1/selenium-java-4.9.1.jar:/Users/jawidkarimi/.m2/repository/org/seleniumhq/selenium/selenium-api/4.9.1/selenium-api-4.9.1.jar:/Users/jawidkarimi/.m2/repository/org/seleniumhq/selenium/selenium-chrome-driver/4.9.1/selenium-chrome-driver-4.9.1.jar:/Users/jawidkarimi/.m2/repository/com/google/auto/service/auto-service-annotations/1.0.1/auto-service-annotations-1.0.1.jar:/Users/jawidkarimi/.m2/repository/com/google/auto/service/auto-service/1.0.1/auto-service-1.0.1.jar:/Users/jawidkarimi/.m2/repository/com/google/auto/auto-common/1.2/auto-common-1.2.jar:/Users/jawidkarimi/.m2/repository/com/google/guava/guava/31.1-jre/guava-31.1-jre.jar:/Users/jawidkarimi/.m2/repository/com/google/guava/failureaccess/1.0.1/failureaccess-1.0.1.jar:/Users/jawidkarimi/.m2/repository/com/google/guava/listenablefuture/9999.0-empty-to-avoid-conflict-with-guava/listenablefuture-9999.0-empty-to-avoid-conflict-with-guava.jar:/Users/jawidkarimi/.m2/repository/com/google/code/findbugs/jsr305/3.0.2/jsr305-3.0.2.jar:/Users/jawidkarimi/.m2/repository/org/checkerframework/checker-qual/3.12.0/checker-qual-3.12.0.jar:/Users/jawidkarimi/.m2/repository/com/google/errorprone/error_prone_annotations/2.11.0/error_prone_annotations-2.11.0.jar:/Users/jawidkarimi/.m2/repository/com/google/j2objc/j2objc-annotations/1.3/j2objc-annotations-1.3.jar:/Users/jawidkarimi/.m2/repository/org/seleniumhq/selenium/selenium-chromium-driver/4.9.1/selenium-chromium-driver-4.9.1.jar:/Users/jawidkarimi/.m2/repository/org/seleniumhq/selenium/selenium-json/4.9.1/selenium-json-4.9.1.jar:/Users/jawidkarimi/.m2/repository/org/seleniumhq/selenium/selenium-manager/4.9.1/selenium-manager-4.9.1.jar:/Users/jawidkarimi/.m2/repository/org/seleniumhq/selenium/selenium-devtools-v111/4.9.1/selenium-devtools-v111-4.9.1.jar:/Users/jawidkarimi/.m2/repository/org/seleniumhq/selenium/selenium-devtools-v112/4.9.1/selenium-devtools-v112-4.9.1.jar:/Users/jawidkarimi/.m2/repository/org/seleniumhq/selenium/selenium-devtools-v113/4.9.1/selenium-devtools-v113-4.9.1.jar:/Users/jawidkarimi/.m2/repository/org/seleniumhq/selenium/selenium-devtools-v85/4.9.1/selenium-devtools-v85-4.9.1.jar:/Users/jawidkarimi/.m2/repository/org/seleniumhq/selenium/selenium-edge-driver/4.9.1/selenium-edge-driver-4.9.1.jar:/Users/jawidkarimi/.m2/repository/org/seleniumhq/selenium/selenium-firefox-driver/4.9.1/selenium-firefox-driver-4.9.1.jar:/Users/jawidkarimi/.m2/repository/org/seleniumhq/selenium/selenium-http/4.9.1/selenium-http-4.9.1.jar:/Users/jawidkarimi/.m2/repository/dev/failsafe/failsafe/3.3.1/failsafe-3.3.1.jar:/Users/jawidkarimi/.m2/repository/org/seleniumhq/selenium/selenium-ie-driver/4.9.1/selenium-ie-driver-4.9.1.jar:/Users/jawidkarimi/.m2/repository/org/seleniumhq/selenium/selenium-remote-driver/4.9.1/selenium-remote-driver-4.9.1.jar:/Users/jawidkarimi/.m2/repository/com/beust/jcommander/1.82/jcommander-1.82.jar:/Users/jawidkarimi/.m2/repository/io/netty/netty-buffer/4.1.91.Final/netty-buffer-4.1.91.Final.jar:/Users/jawidkarimi/.m2/repository/io/netty/netty-codec-http/4.1.91.Final/netty-codec-http-4.1.91.Final.jar:/Users/jawidkarimi/.m2/repository/io/netty/netty-codec/4.1.91.Final/netty-codec-4.1.91.Final.jar:/Users/jawidkarimi/.m2/repository/io/netty/netty-handler/4.1.91.Final/netty-handler-4.1.91.Final.jar:/Users/jawidkarimi/.m2/repository/io/netty/netty-common/4.1.91.Final/netty-common-4.1.91.Final.jar:/Users/jawidkarimi/.m2/repository/io/netty/netty-transport-classes-epoll/4.1.91.Final/netty-transport-classes-epoll-4.1.91.Final.jar:/Users/jawidkarimi/.m2/repository/io/netty/netty-transport-classes-kqueue/4.1.91.Final/netty-transport-classes-kqueue-4.1.91.Final.jar:/Users/jawidkarimi/.m2/repository/io/netty/netty-transport-native-epoll/4.1.91.Final/netty-transport-native-epoll-4.1.91.Final.jar:/Users/jawidkarimi/.m2/repository/io/netty/netty-transport-native-kqueue/4.1.91.Final/netty-transport-native-kqueue-4.1.91.Final.jar:/Users/jawidkarimi/.m2/repository/io/netty/netty-transport-native-unix-common/4.1.91.Final/netty-transport-native-unix-common-4.1.91.Final.jar:/Users/jawidkarimi/.m2/repository/io/netty/netty-transport/4.1.91.Final/netty-transport-4.1.91.Final.jar:/Users/jawidkarimi/.m2/repository/io/netty/netty-resolver/4.1.91.Final/netty-resolver-4.1.91.Final.jar:/Users/jawidkarimi/.m2/repository/io/opentelemetry/opentelemetry-api/1.25.0/opentelemetry-api-1.25.0.jar:/Users/jawidkarimi/.m2/repository/io/opentelemetry/opentelemetry-context/1.25.0/opentelemetry-context-1.25.0.jar:/Users/jawidkarimi/.m2/repository/io/opentelemetry/opentelemetry-exporter-logging/1.25.0/opentelemetry-exporter-logging-1.25.0.jar:/Users/jawidkarimi/.m2/repository/io/opentelemetry/opentelemetry-sdk-metrics/1.25.0/opentelemetry-sdk-metrics-1.25.0.jar:/Users/jawidkarimi/.m2/repository/io/opentelemetry/opentelemetry-sdk-logs/1.25.0-alpha/opentelemetry-sdk-logs-1.25.0-alpha.jar:/Users/jawidkarimi/.m2/repository/io/opentelemetry/opentelemetry-api-logs/1.25.0-alpha/opentelemetry-api-logs-1.25.0-alpha.jar:/Users/jawidkarimi/.m2/repository/io/opentelemetry/opentelemetry-api-events/1.25.0-alpha/opentelemetry-api-events-1.25.0-alpha.jar:/Users/jawidkarimi/.m2/repository/io/opentelemetry/opentelemetry-sdk-common/1.25.0/opentelemetry-sdk-common-1.25.0.jar:/Users/jawidkarimi/.m2/repository/io/opentelemetry/opentelemetry-sdk-extension-autoconfigure-spi/1.25.0/opentelemetry-sdk-extension-autoconfigure-spi-1.25.0.jar:/Users/jawidkarimi/.m2/repository/io/opentelemetry/opentelemetry-sdk-extension-autoconfigure/1.25.0-alpha/opentelemetry-sdk-extension-autoconfigure-1.25.0-alpha.jar:/Users/jawidkarimi/.m2/repository/io/opentelemetry/opentelemetry-sdk-trace/1.25.0/opentelemetry-sdk-trace-1.25.0.jar:/Users/jawidkarimi/.m2/repository/io/opentelemetry/opentelemetry-sdk/1.25.0/opentelemetry-sdk-1.25.0.jar:/Users/jawidkarimi/.m2/repository/io/opentelemetry/opentelemetry-semconv/1.25.0-alpha/opentelemetry-semconv-1.25.0-alpha.jar:/Users/jawidkarimi/.m2/repository/io/ous/jtoml/2.0.0/jtoml-2.0.0.jar:/Users/jawidkarimi/.m2/repository/net/bytebuddy/byte-buddy/1.14.4/byte-buddy-1.14.4.jar:/Users/jawidkarimi/.m2/repository/org/apache/commons/commons-exec/1.3/commons-exec-1.3.jar:/Users/jawidkarimi/.m2/repository/org/asynchttpclient/async-http-client/2.12.3/async-http-client-2.12.3.jar:/Users/jawidkarimi/.m2/repository/org/asynchttpclient/async-http-client-netty-utils/2.12.3/async-http-client-netty-utils-2.12.3.jar:/Users/jawidkarimi/.m2/repository/io/netty/netty-codec-socks/4.1.60.Final/netty-codec-socks-4.1.60.Final.jar:/Users/jawidkarimi/.m2/repository/io/netty/netty-handler-proxy/4.1.60.Final/netty-handler-proxy-4.1.60.Final.jar:/Users/jawidkarimi/.m2/repository/io/netty/netty-transport-native-epoll/4.1.60.Final/netty-transport-native-epoll-4.1.60.Final-linux-x86_64.jar:/Users/jawidkarimi/.m2/repository/io/netty/netty-transport-native-kqueue/4.1.60.Final/netty-transport-native-kqueue-4.1.60.Final-osx-x86_64.jar:/Users/jawidkarimi/.m2/repository/org/reactivestreams/reactive-streams/1.0.3/reactive-streams-1.0.3.jar:/Users/jawidkarimi/.m2/repository/com/typesafe/netty/netty-reactive-streams/2.0.4/netty-reactive-streams-2.0.4.jar:/Users/jawidkarimi/.m2/repository/org/slf4j/slf4j-api/1.7.30/slf4j-api-1.7.30.jar:/Users/jawidkarimi/.m2/repository/com/sun/activation/jakarta.activation/1.2.2/jakarta.activation-1.2.2.jar:/Users/jawidkarimi/.m2/repository/org/seleniumhq/selenium/selenium-safari-driver/4.9.1/selenium-safari-driver-4.9.1.jar:/Users/jawidkarimi/.m2/repository/org/seleniumhq/selenium/selenium-support/4.9.1/selenium-support-4.9.1.jar:/Users/jawidkarimi/.m2/repository/com/github/javafaker/javafaker/1.0.2/javafaker-1.0.2.jar:/Users/jawidkarimi/.m2/repository/org/apache/commons/commons-lang3/3.5/commons-lang3-3.5.jar:/Users/jawidkarimi/.m2/repository/org/yaml/snakeyaml/1.23/snakeyaml-1.23-android.jar:/Users/jawidkarimi/.m2/repository/com/github/mifmif/generex/1.0.2/generex-1.0.2.jar:/Users/jawidkarimi/.m2/repository/dk/brics/automaton/automaton/1.11-8/automaton-1.11-8.jar:/Users/jawidkarimi/.m2/repository/io/cucumber/cucumber-junit/7.3.0/cucumber-junit-7.3.0.jar:/Users/jawidkarimi/.m2/repository/org/apiguardian/apiguardian-api/1.1.2/apiguardian-api-1.1.2.jar:/Users/jawidkarimi/.m2/repository/io/cucumber/cucumber-core/7.3.0/cucumber-core-7.3.0.jar:/Users/jawidkarimi/.m2/repository/io/cucumber/cucumber-gherkin/7.3.0/cucumber-gherkin-7.3.0.jar:/Users/jawidkarimi/.m2/repository/io/cucumber/cucumber-gherkin-messages/7.3.0/cucumber-gherkin-messages-7.3.0.jar:/Users/jawidkarimi/.m2/repository/io/cucumber/messages/18.0.0/messages-18.0.0.jar:/Users/jawidkarimi/.m2/repository/io/cucumber/tag-expressions/4.1.0/tag-expressions-4.1.0.jar:/Users/jawidkarimi/.m2/repository/io/cucumber/cucumber-expressions/15.0.2/cucumber-expressions-15.0.2.jar:/Users/jawidkarimi/.m2/repository/io/cucumber/datatable/7.3.0/datatable-7.3.0.jar:/Users/jawidkarimi/.m2/repository/io/cucumber/cucumber-plugin/7.3.0/cucumber-plugin-7.3.0.jar:/Users/jawidkarimi/.m2/repository/io/cucumber/docstring/7.3.0/docstring-7.3.0.jar:/Users/jawidkarimi/.m2/repository/io/cucumber/html-formatter/19.1.0/html-formatter-19.1.0.jar:/Users/jawidkarimi/.m2/repository/io/cucumber/ci-environment/9.0.4/ci-environment-9.0.4.jar:/Users/jawidkarimi/.m2/repository/junit/junit/4.13.2/junit-4.13.2.jar:/Users/jawidkarimi/.m2/repository/org/hamcrest/hamcrest-core/1.3/hamcrest-core-1.3.jar:/Users/jawidkarimi/.m2/repository/io/cucumber/cucumber-java/7.3.0/cucumber-java-7.3.0.jar:/Users/jawidkarimi/.m2/repository/me/jvt/cucumber/reporting-plugin/7.3.0/reporting-plugin-7.3.0.jar:/Users/jawidkarimi/.m2/repository/io/cucumber/gherkin/23.0.1/gherkin-23.0.1.jar:/Users/jawidkarimi/.m2/repository/net/masterthought/cucumber-reporting/5.7.0/cucumber-reporting-5.7.0.jar:/Users/jawidkarimi/.m2/repository/com/fasterxml/jackson/core/jackson-databind/2.13.0/jackson-databind-2.13.0.jar:/Users/jawidkarimi/.m2/repository/com/fasterxml/jackson/core/jackson-annotations/2.13.0/jackson-annotations-2.13.0.jar:/Users/jawidkarimi/.m2/repository/com/fasterxml/jackson/core/jackson-core/2.13.0/jackson-core-2.13.0.jar:/Users/jawidkarimi/.m2/repository/com/fasterxml/jackson/datatype/jackson-datatype-jsr310/2.13.0/jackson-datatype-jsr310-2.13.0.jar:/Users/jawidkarimi/.m2/repository/org/apache/velocity/velocity-engine-core/2.3/velocity-engine-core-2.3.jar:/Users/jawidkarimi/.m2/repository/commons-collections/commons-collections/3.2.2/commons-collections-3.2.2.jar:/Users/jawidkarimi/.m2/repository/joda-time/joda-time/2.10.10/joda-time-2.10.10.jar:/Users/jawidkarimi/.m2/repository/commons-io/commons-io/2.7/commons-io-2.7.jar:/Users/jawidkarimi/.m2/repository/org/codehaus/plexus/plexus-utils/3.3.0/plexus-utils-3.3.0.jar:/Users/jawidkarimi/.m2/repository/org/jsoup/jsoup/1.14.2/jsoup-1.14.2.jar:/Users/jawidkarimi/.m2/repository/com/googlecode/owasp-java-html-sanitizer/owasp-java-html-sanitizer/20211018.2/owasp-java-html-sanitizer-20211018.2.jar:/Users/jawidkarimi/.m2/repository/commons-configuration/commons-configuration/1.10/commons-configuration-1.10.jar:/Users/jawidkarimi/.m2/repository/commons-lang/commons-lang/2.6/commons-lang-2.6.jar:/Users/jawidkarimi/.m2/repository/commons-logging/commons-logging/1.1.1/commons-logging-1.1.1.jar:"/>
    <property name="sun.cpu.endian" value="little"/>
    <property name="user.home" value="/Users/jawidkarimi"/>
    <property name="user.language" value="en"/>
    <property name="java.specification.vendor" value="Oracle Corporation"/>
    <property name="java.version.date" value="2022-08-18"/>
    <property name="java.home" value="/Users/jawidkarimi/Library/Java/JavaVirtualMachines/openjdk-18.0.2.1/Contents/Home"/>
    <property name="file.separator" value="/"/>
    <property name="basedir" value="/Users/jawidkarimi/IdeaProjects/cucumber-junit-project-practice"/>
    <property name="java.vm.compressedOopsMode" value="Zero based"/>
    <property name="line.separator" value="&#10;"/>
    <property name="java.vm.specification.vendor" value="Oracle Corporation"/>
    <property name="java.specification.name" value="Java Platform API Specification"/>
    <property name="apple.awt.application.name" value="ForkedBooter"/>
    <property name="surefire.real.class.path" value="/Users/jawidkarimi/IdeaProjects/cucumber-junit-project-practice/target/surefire/surefirebooter13865638299283086209.jar"/>
    <property name="sun.management.compiler" value="HotSpot 64-Bit Tiered Compilers"/>
    <property name="ftp.nonProxyHosts" value="local|*.local|169.254/16|*.169.254/16"/>
    <property name="java.runtime.version" value="18.0.2.1+1-1"/>
    <property name="user.name" value="jawidkarimi"/>
    <property name="path.separator" value=":"/>
    <property name="os.version" value="13.2.1"/>
    <property name="java.runtime.name" value="OpenJDK Runtime Environment"/>
    <property name="file.encoding" value="UTF-8"/>
    <property name="java.vm.name" value="OpenJDK 64-Bit Server VM"/>
    <property name="localRepository" value="/Users/jawidkarimi/.m2/repository"/>
    <property name="java.vendor.url.bug" value="https://bugreport.java.com/bugreport/"/>
    <property name="java.io.tmpdir" value="/var/folders/2c/f4yzqt9900nc2t7v78bs6m1c0000gn/T/"/>
    <property name="idea.version" value="2023.1.2"/>
    <property name="java.version" value="18.0.2.1"/>
    <property name="cucumber.filter.tags" value="@regression"/>
    <property name="user.dir" value="/Users/jawidkarimi/IdeaProjects/cucumber-junit-project-practice"/>
    <property name="os.arch" value="x86_64"/>
    <property name="java.vm.specification.name" value="Java Virtual Machine Specification"/>
    <property name="native.encoding" value="UTF-8"/>
    <property name="java.library.path" value="/Users/jawidkarimi/Library/Java/Extensions:/Library/Java/Extensions:/Network/Library/Java/Extensions:/System/Library/Java/Extensions:/usr/lib/java:."/>
    <property name="java.vm.info" value="mixed mode, sharing"/>
    <property name="java.vendor" value="Oracle Corporation"/>
    <property name="java.vm.version" value="18.0.2.1+1-1"/>
    <property name="sun.io.unicode.encoding" value="UnicodeBig"/>
    <property name="socksNonProxyHosts" value="local|*.local|169.254/16|*.169.254/16"/>
    <property name="java.class.version" value="62.0"/>
  </properties>
  <testcase name="List of fruits and vegetables I like" classname="Cucumber Data Tables implementation practices" time="9.451">
    <system-out><![CDATA[---> @Before: RUNNING BEFORE EACH SCENARIO
fruitsAndVegetables = [orange, apple, kiwi, strawberry, tomato, pear, eggplant]
apple
---> @After: RUNNING AFTER EACH SCENARIO
]]></system-out>
    <system-err><![CDATA[Jul 09, 2023 2:07:00 AM org.openqa.selenium.manager.SeleniumManager getDriverPath
INFO: Applicable driver not found; attempting to install with Selenium Manager (Beta)
Starting ChromeDriver 114.0.5735.90 (386bc09e8f4f2e025eddae123f36f6263096ae49-refs/branch-heads/5735@{#1052}) on port 21740
Only local connections are allowed.
Please see https://chromedriver.chromium.org/security-considerations for suggestions on keeping ChromeDriver safe.
ChromeDriver was started successfully.
Jul 09, 2023 2:07:07 AM org.openqa.selenium.devtools.CdpVersionFinder findNearestMatch
WARNING: Unable to find an exact match for CDP version 114, so returning the closest version found: 113
]]></system-err>
  </testcase>
  <testcase name="List of pet types I love" classname="Cucumber Data Tables implementation practices" time="5.88">
    <system-out><![CDATA[---> @Before: RUNNING BEFORE EACH SCENARIO
listOfPets = [Kangal, Husky, Golden Retriever, Golden Doodle, Munchkin, Ragdoll cat, Siberian cat]
---> @After: RUNNING AFTER EACH SCENARIO
]]></system-out>
    <system-err><![CDATA[Jul 09, 2023 2:07:09 AM org.openqa.selenium.manager.SeleniumManager getDriverPath
INFO: Applicable driver not found; attempting to install with Selenium Manager (Beta)
Starting ChromeDriver 114.0.5735.90 (386bc09e8f4f2e025eddae123f36f6263096ae49-refs/branch-heads/5735@{#1052}) on port 23582
Only local connections are allowed.
Please see https://chromedriver.chromium.org/security-considerations for suggestions on keeping ChromeDriver safe.
ChromeDriver was started successfully.
Jul 09, 2023 2:07:12 AM org.openqa.selenium.devtools.CdpVersionFinder findNearestMatch
WARNING: Unable to find an exact match for CDP version 114, so returning the closest version found: 113
]]></system-err>
  </testcase>
  <testcase name="Officer reads data about driver" classname="Cucumber Data Tables implementation practices" time="6.615">
    <system-out><![CDATA[---> @Before: RUNNING BEFORE EACH SCENARIO
driverInfo = {name=Jane, surname=Doe, age=29, address=somewhere, state=CA, zipcode=99999, phone=111-1111-1111}
driverInfo.get("name") = Jane
driverInfo.get("address") = somewhere
driverInfo.size() = 7
---> @After: RUNNING AFTER EACH SCENARIO
]]></system-out>
    <system-err><![CDATA[Jul 09, 2023 2:07:15 AM org.openqa.selenium.manager.SeleniumManager getDriverPath
INFO: Applicable driver not found; attempting to install with Selenium Manager (Beta)
Starting ChromeDriver 114.0.5735.90 (386bc09e8f4f2e025eddae123f36f6263096ae49-refs/branch-heads/5735@{#1052}) on port 1184
Only local connections are allowed.
Please see https://chromedriver.chromium.org/security-considerations for suggestions on keeping ChromeDriver safe.
ChromeDriver was started successfully.
Jul 09, 2023 2:07:19 AM org.openqa.selenium.devtools.CdpVersionFinder findNearestMatch
WARNING: Unable to find an exact match for CDP version 114, so returning the closest version found: 113
]]></system-err>
  </testcase>
  <testcase name="User should be able to see all 12 months in months" classname="Cucumber Data Tables implementation practices" time="15.33">
    <system-out><![CDATA[---> @Before: RUNNING BEFORE EACH SCENARIO
---> @After: RUNNING AFTER EACH SCENARIO
]]></system-out>
    <system-err><![CDATA[Jul 09, 2023 2:07:22 AM org.openqa.selenium.manager.SeleniumManager getDriverPath
INFO: Applicable driver not found; attempting to install with Selenium Manager (Beta)
Starting ChromeDriver 114.0.5735.90 (386bc09e8f4f2e025eddae123f36f6263096ae49-refs/branch-heads/5735@{#1052}) on port 25450
Only local connections are allowed.
Please see https://chromedriver.chromium.org/security-considerations for suggestions on keeping ChromeDriver safe.
ChromeDriver was started successfully.
Jul 09, 2023 2:07:25 AM org.openqa.selenium.devtools.CdpVersionFinder findNearestMatch
WARNING: Unable to find an exact match for CDP version 114, so returning the closest version found: 113
]]></system-err>
  </testcase>
</testsuite>